<?xml version="1.0" encoding="UTF-8"?>
<!-- Generated by org.testng.reporters.JUnitReportReporter -->
<testsuite hostname="DESKTOP-UO09EH4" failures="0" tests="1" name="org.maya.ChromeDEVTools.C4_ExtractNetworkLog" time="12.109" errors="0" timestamp="2024-03-09T18:44:43 IST" skipped="0">
  <testcase classname="org.maya.ChromeDEVTools.C4_ExtractNetworkLog" name="Test1" time="12.109"/>
</testsuite> <!-- org.maya.ChromeDEVTools.C4_ExtractNetworkLog -->
