<?xml version="1.0" encoding="UTF-8"?>
<!-- Generated by org.testng.reporters.JUnitReportReporter -->
<testsuite hostname="DESKTOP-UO09EH4" failures="0" tests="1" name="org.maya.ChromeDEVTools.C2_CustomCom" time="8.952" errors="0" timestamp="2024-03-09T17:05:48 IST" skipped="0">
  <testcase classname="org.maya.ChromeDEVTools.C2_CustomCom" name="Test1" time="8.952"/>
</testsuite> <!-- org.maya.ChromeDEVTools.C2_CustomCom -->
