<?xml version="1.0" encoding="UTF-8"?>
<!-- Generated by org.testng.reporters.JUnitReportReporter -->
<testsuite hostname="DESKTOP-UO09EH4" failures="0" tests="1" name="org.maya.ChromeDEVTools.C6_NetworkFailedRequest" time="10.618" errors="0" timestamp="2024-03-09T19:54:07 IST" skipped="0">
  <testcase classname="org.maya.ChromeDEVTools.C6_NetworkFailedRequest" name="Test1" time="10.618"/>
</testsuite> <!-- org.maya.ChromeDEVTools.C6_NetworkFailedRequest -->
