<?xml version="1.0" encoding="UTF-8"?>
<!-- Generated by org.testng.reporters.JUnitReportReporter -->
<testsuite hostname="DESKTOP-UO09EH4" failures="0" tests="1" name="org.maya.ChromeDEVTools.C10_BasicAuth" time="20.300" errors="0" timestamp="2024-03-10T00:04:04 IST" skipped="0">
  <testcase classname="org.maya.ChromeDEVTools.C10_BasicAuth" name="Test1" time="20.300"/>
</testsuite> <!-- org.maya.ChromeDEVTools.C10_BasicAuth -->
