<?xml version="1.0" encoding="UTF-8"?>
<!-- Generated by org.testng.reporters.JUnitReportReporter -->
<testsuite hostname="DESKTOP-UO09EH4" failures="0" tests="1" name="org.maya.ChromeDEVTools.C3_LocalizationTest" time="10.854" errors="0" timestamp="2024-03-09T17:33:23 IST" skipped="0">
  <testcase classname="org.maya.ChromeDEVTools.C3_LocalizationTest" name="Test1" time="10.854"/>
</testsuite> <!-- org.maya.ChromeDEVTools.C3_LocalizationTest -->
