<?xml version="1.0" encoding="UTF-8"?>
<!-- Generated by org.testng.reporters.JUnitReportReporter -->
<testsuite hostname="DESKTOP-UO09EH4" failures="0" tests="1" name="org.maya.ChromeDEVTools.C1_Initialize" time="13.725" errors="0" timestamp="2024-03-09T16:10:13 IST" skipped="0">
  <testcase classname="org.maya.ChromeDEVTools.C1_Initialize" name="Test1" time="13.725"/>
</testsuite> <!-- org.maya.ChromeDEVTools.C1_Initialize -->
